unity/build/intermediates/manifest_merge_blame_file/release/manifest-merger-blame-release-report.txt
1<?xml version="1.0" encoding="utf-8"?>
2<manifest xmlns:android="http://schemas.android.com/apk/res/android"
3    package="com.npucreator.unity"
4    android:installLocation="preferExternal"
5    android:versionCode="1"
6    android:versionName="0.1" >
7
8    <uses-sdk
9        android:minSdkVersion="16"
9-->src\main\AndroidManifest.xml
10        android:targetSdkVersion="28" />
10-->src\main\AndroidManifest.xml
11
12    <supports-screens
12-->src\main\AndroidManifest.xml:4:3-163
13        android:anyDensity="true"
13-->src\main\AndroidManifest.xml:4:135-160
14        android:largeScreens="true"
14-->src\main\AndroidManifest.xml:4:78-105
15        android:normalScreens="true"
15-->src\main\AndroidManifest.xml:4:49-77
16        android:smallScreens="true"
16-->src\main\AndroidManifest.xml:4:21-48
17        android:xlargeScreens="true" />
17-->src\main\AndroidManifest.xml:4:106-134
18
19    <application
19-->src\main\AndroidManifest.xml:5:3-9:17
20        android:banner="@drawable/app_banner"
20-->src\main\AndroidManifest.xml:5:71-108
21        android:isGame="true"
21-->src\main\AndroidManifest.xml:5:49-70
22        android:label="@string/app_name" >
22-->src\main\AndroidManifest.xml:5:16-48
23        <meta-data
23-->src\main\AndroidManifest.xml:6:5-101
24            android:name="unity.build-id"
24-->src\main\AndroidManifest.xml:6:16-45
25            android:value="469d8347-d4db-4cc4-82b6-60639dda84d7" />
25-->src\main\AndroidManifest.xml:6:46-98
26        <meta-data
26-->src\main\AndroidManifest.xml:7:5-69
27            android:name="unity.splash-mode"
27-->src\main\AndroidManifest.xml:7:16-48
28            android:value="0" />
28-->src\main\AndroidManifest.xml:7:49-66
29        <meta-data
29-->src\main\AndroidManifest.xml:8:5-74
30            android:name="unity.splash-enable"
30-->src\main\AndroidManifest.xml:8:16-50
31            android:value="True" />
31-->src\main\AndroidManifest.xml:8:51-71
32    </application>
33
34</manifest>